app/build/intermediates/manifest_merge_blame_file/debug/manifest-merger-blame-debug-report.txt
1<?xml version="1.0" encoding="utf-8"?>
2<manifest xmlns:android="http://schemas.android.com/apk/res/android"
3    package="com.brankein13.mjm"
4    android:versionCode="115"
5    android:versionName="1.15" >
6
7    <uses-sdk
8        android:minSdkVersion="21"
8-->src\main\AndroidManifest.xml
9        android:targetSdkVersion="27" />
9-->src\main\AndroidManifest.xml
10
11    <uses-permission android:name="android.permission.INTERNET" />
11-->src\main\AndroidManifest.xml:6:5-67
11-->src\main\AndroidManifest.xml:6:22-64
12
13    <application
13-->src\main\AndroidManifest.xml:8:5-30:19
14        android:allowBackup="true"
14-->src\main\AndroidManifest.xml:9:9-35
15        android:debuggable="true"
16        android:icon="@drawable/mjm_ic_round"
16-->src\main\AndroidManifest.xml:10:9-46
17        android:label="@string/app_name"
17-->src\main\AndroidManifest.xml:11:9-41
18        android:roundIcon="@drawable/mjm_ic_round"
18-->src\main\AndroidManifest.xml:12:9-51
19        android:supportsRtl="true"
19-->src\main\AndroidManifest.xml:13:9-35
20        android:theme="@style/Theme.AppCompat.NoActionBar" >
20-->src\main\AndroidManifest.xml:14:9-59
21        <activity
21-->src\main\AndroidManifest.xml:15:9-17:58
22            android:name="com.brankein13.mjm.MainActivity"
22-->src\main\AndroidManifest.xml:16:13-41
23            android:windowSoftInputMode="adjustNothing" />
23-->src\main\AndroidManifest.xml:17:13-56
24        <activity android:name="com.brankein13.mjm.Info" />
24-->src\main\AndroidManifest.xml:18:9-41
24-->src\main\AndroidManifest.xml:18:19-39
25        <activity android:name="com.brankein13.mjm.Content" />
25-->src\main\AndroidManifest.xml:19:9-44
25-->src\main\AndroidManifest.xml:19:19-42
26        <activity
26-->src\main\AndroidManifest.xml:20:9-21:58
27            android:name="com.brankein13.mjm.Service"
27-->src\main\AndroidManifest.xml:20:19-42
28            android:windowSoftInputMode="adjustNothing" />
28-->src\main\AndroidManifest.xml:21:13-56
29        <activity android:name="com.brankein13.mjm.Title" >
29-->src\main\AndroidManifest.xml:22:9-28:20
29-->src\main\AndroidManifest.xml:22:19-40
30            <intent-filter>
30-->src\main\AndroidManifest.xml:23:13-27:29
31                <action android:name="android.intent.action.MAIN" />
31-->src\main\AndroidManifest.xml:24:17-68
31-->src\main\AndroidManifest.xml:24:25-66
32
33                <category android:name="android.intent.category.LAUNCHER" />
33-->src\main\AndroidManifest.xml:26:17-76
33-->src\main\AndroidManifest.xml:26:27-74
34            </intent-filter>
35        </activity>
36
37        <meta-data
37-->[android.arch.lifecycle:runtime:1.0.0] AndroidManifest.xml:25:9-27:47
38            android:name="android.arch.lifecycle.VERSION"
38-->[android.arch.lifecycle:runtime:1.0.0] AndroidManifest.xml:26:13-58
39            android:value="27.0.0-SNAPSHOT" />
39-->[android.arch.lifecycle:runtime:1.0.0] AndroidManifest.xml:27:13-44
40    </application>
41
42</manifest>